<?xml version="1.0" encoding="UTF-8"?>
<testng-results skipped="0" failed="0" total="1" passed="1">
  <reporter-output>
  </reporter-output>
  <suite name="Default suite" duration-ms="36235" started-at="2018-08-02T19:18:35Z" finished-at="2018-08-02T19:19:11Z">
    <groups>
    </groups>
    <test name="Default test" duration-ms="36235" started-at="2018-08-02T19:18:35Z" finished-at="2018-08-02T19:19:11Z">
      <class name="com.freelance.automationTestFramework.projectKeywordDrivenFramework.CheckOut">
        <test-method status="PASS" signature="beforeClass()[pri:0, instance:com.freelance.automationTestFramework.projectKeywordDrivenFramework.CheckOut@5c7fa833]" name="beforeClass" is-config="true" duration-ms="820" started-at="2018-08-03T02:18:35Z" finished-at="2018-08-03T02:18:35Z">
          <reporter-output>
          </reporter-output>
        </test-method> <!-- beforeClass -->
        <test-method status="PASS" signature="run_CheckOut_TestCase()[pri:0, instance:com.freelance.automationTestFramework.projectKeywordDrivenFramework.CheckOut@5c7fa833]" name="run_CheckOut_TestCase" duration-ms="35392" started-at="2018-08-03T02:18:35Z" finished-at="2018-08-03T02:19:11Z">
          <reporter-output>
          </reporter-output>
        </test-method> <!-- run_CheckOut_TestCase -->
        <test-method status="PASS" signature="afterClass()[pri:0, instance:com.freelance.automationTestFramework.projectKeywordDrivenFramework.CheckOut@5c7fa833]" name="afterClass" is-config="true" duration-ms="0" started-at="2018-08-03T02:19:11Z" finished-at="2018-08-03T02:19:11Z">
          <reporter-output>
          </reporter-output>
        </test-method> <!-- afterClass -->
      </class> <!-- com.freelance.automationTestFramework.projectKeywordDrivenFramework.CheckOut -->
    </test> <!-- Default test -->
  </suite> <!-- Default suite -->
</testng-results>
