<?xml version="1.0" encoding="UTF-8"?>
<testng-results skipped="0" failed="0" total="1" passed="1">
  <reporter-output>
  </reporter-output>
  <suite name="Default suite" duration-ms="143" started-at="2018-07-20T08:20:46Z" finished-at="2018-07-20T08:20:46Z">
    <groups>
    </groups>
    <test name="Default test" duration-ms="143" started-at="2018-07-20T08:20:46Z" finished-at="2018-07-20T08:20:46Z">
      <class name="javaReflection.JavaReflectionTest">
        <test-method status="PASS" signature="givenObject_WhenGetFieldNameAtRuntime_ThenCorrect()[pri:0, instance:javaReflection.JavaReflectionTest@68be2bc2]" name="givenObject_WhenGetFieldNameAtRuntime_ThenCorrect" duration-ms="82" started-at="2018-07-20T15:20:46Z" finished-at="2018-07-20T15:20:46Z">
          <reporter-output>
          </reporter-output>
        </test-method> <!-- givenObject_WhenGetFieldNameAtRuntime_ThenCorrect -->
      </class> <!-- javaReflection.JavaReflectionTest -->
    </test> <!-- Default test -->
  </suite> <!-- Default suite -->
</testng-results>
